<?xml version="1.0" encoding="UTF-8"?>
<testsuite name="NumkKtTest" tests="1" skipped="0" failures="0" errors="0" timestamp="2021-01-12T22:58:53" hostname="alex-desktop" time="0.01">
  <properties/>
  <testcase name="aRangeOf()" classname="NumkKtTest" time="0.01"/>
  <system-out><![CDATA[]]></system-out>
  <system-err><![CDATA[]]></system-err>
</testsuite>
