<?xml version="1.0" encoding="UTF-8"?>
<testsuite name="NumkKtTest" tests="5" skipped="0" failures="0" errors="0" timestamp="2021-01-13T18:26:06" hostname="alex-desktop" time="0.016">
  <properties/>
  <testcase name="arrayNDOf()" classname="NumkKtTest" time="0.008"/>
  <testcase name="testArrayNDOf()" classname="NumkKtTest" time="0.001"/>
  <testcase name="aRangeOf()" classname="NumkKtTest" time="0.003"/>
  <testcase name="zeros()" classname="NumkKtTest" time="0.001"/>
  <testcase name="linspace()" classname="NumkKtTest" time="0.001"/>
  <system-out><![CDATA[]]></system-out>
  <system-err><![CDATA[]]></system-err>
</testsuite>
